<?xml version="1.0" encoding="UTF-8"?>
<testng-results ignored="0" total="4" passed="4" failed="0" skipped="0">
  <reporter-output>
  </reporter-output>
  <suite started-at="2026-06-11T13:20:43 IST" name="BlazeDemo Negative Suite" finished-at="2026-06-11T13:21:01 IST" duration-ms="17938">
    <groups>
    </groups>
    <test started-at="2026-06-11T13:20:43 IST" name="Authentication and Validation Defect Tests" finished-at="2026-06-11T13:21:01 IST" duration-ms="17938">
      <class name="tests.BlazeDemoNegativeTests">
        <test-method is-config="true" signature="setUp()[pri:0, instance:tests.BlazeDemoNegativeTests@5c6648b0]" started-at="2026-06-11T13:20:44 IST" name="setUp" finished-at="2026-06-11T13:20:49 IST" duration-ms="5667" status="PASS">
          <reporter-output>
          </reporter-output>
        </test-method> <!-- setUp -->
        <test-method signature="testRegistrationThrows419Error()[pri:1, instance:tests.BlazeDemoNegativeTests@5c6648b0]" started-at="2026-06-11T13:20:49 IST" name="testRegistrationThrows419Error" description="Jira Defect : Registration Blocked by 419 Error" finished-at="2026-06-11T13:20:53 IST" duration-ms="3976" status="PASS">
          <reporter-output>
          </reporter-output>
        </test-method> <!-- testRegistrationThrows419Error -->
        <test-method signature="testLoginThrows419Error()[pri:2, instance:tests.BlazeDemoNegativeTests@5c6648b0]" started-at="2026-06-11T13:20:53 IST" name="testLoginThrows419Error" description="Jira Defect : Login Blocked by 419 Error" finished-at="2026-06-11T13:20:57 IST" duration-ms="3328" status="PASS">
          <reporter-output>
          </reporter-output>
        </test-method> <!-- testLoginThrows419Error -->
        <test-method signature="testInvalidLoginCredentials()[pri:3, instance:tests.BlazeDemoNegativeTests@5c6648b0]" started-at="2026-06-11T13:20:57 IST" name="testInvalidLoginCredentials" description="Authentication Defect: Invalid Login Credentials Rejection" finished-at="2026-06-11T13:20:58 IST" duration-ms="729" status="PASS">
          <reporter-output>
          </reporter-output>
        </test-method> <!-- testInvalidLoginCredentials -->
        <test-method signature="testEmptyFormSubmissionOnPurchase()[pri:4, instance:tests.BlazeDemoNegativeTests@5c6648b0]" started-at="2026-06-11T13:20:58 IST" name="testEmptyFormSubmissionOnPurchase" description="Form Validation Defect: Submitting Empty Purchase Form" finished-at="2026-06-11T13:21:00 IST" duration-ms="1992" status="PASS">
          <reporter-output>
          </reporter-output>
        </test-method> <!-- testEmptyFormSubmissionOnPurchase -->
        <test-method is-config="true" signature="tearDown()[pri:0, instance:tests.BlazeDemoNegativeTests@5c6648b0]" started-at="2026-06-11T13:21:01 IST" name="tearDown" finished-at="2026-06-11T13:21:01 IST" duration-ms="237" status="PASS">
          <reporter-output>
          </reporter-output>
        </test-method> <!-- tearDown -->
      </class> <!-- tests.BlazeDemoNegativeTests -->
    </test> <!-- Authentication and Validation Defect Tests -->
  </suite> <!-- BlazeDemo Negative Suite -->
</testng-results>
