<?xml version="1.0" encoding="UTF-8"?>
<!-- Generated by org.testng.reporters.JUnitReportReporter -->
<testsuite hostname="Choudhary-Harsh" failures="0" tests="4" name="testcases.RegistrationTest" time="11.884" errors="0" timestamp="2026-05-23T09:57:41 IST" skipped="0">
  <testcase classname="testcases.RegistrationTest" name="verifyAccountRegistration" time="2.673"/>
  <testcase classname="testcases.RegistrationTest" name="verifyAccountRegistration" time="3.503"/>
  <testcase classname="testcases.RegistrationTest" name="verifyAccountRegistration" time="3.196"/>
  <testcase classname="testcases.RegistrationTest" name="verifyAccountRegistration" time="2.512"/>
</testsuite> <!-- testcases.RegistrationTest -->
