<?xml version="1.0" encoding="UTF-8"?>
<!-- Generated by org.testng.reporters.JUnitReportReporter -->
<testsuite hostname="Choudhary-Harsh" failures="0" tests="3" name="testcases.SearchAndCartTest" time="5.493" errors="0" timestamp="2026-05-23T10:23:38 IST" skipped="0">
  <testcase classname="testcases.SearchAndCartTest" name="verifyProductSearchAndAddToCart" time="1.647"/>
  <testcase classname="testcases.SearchAndCartTest" name="verifyProductSearchAndAddToCart" time="1.720"/>
  <testcase classname="testcases.SearchAndCartTest" name="verifyProductSearchAndAddToCart" time="2.126"/>
</testsuite> <!-- testcases.SearchAndCartTest -->
