<?xml version="1.0" encoding="UTF-8"?>
<!-- Generated by org.testng.reporters.JUnitXMLReporter -->
<testsuite ignored="0" hostname="Choudhary-Harsh" failures="0" tests="12" name="End To End Flight Booking Validation" time="20.489" errors="0" timestamp="2026-06-08T11:18:37 IST">
  <testcase classname="tests.BlazeDemoE2ETest" name="testFlightSearch" time="0.727"/>
  <testcase classname="tests.BlazeDemoE2ETest" name="testSelectCheapestFlight" time="0.627"/>
  <testcase classname="tests.BlazeDemoE2ETest" name="testPurchaseFlight" time="1.631"/>
  <testcase classname="tests.BlazeDemoE2ETest" name="testVerifyBookingConfirmation" time="0.076"/>
  <testcase classname="tests.BlazeDemoE2ETest" name="testFlightSearch" time="0.708"/>
  <testcase classname="tests.BlazeDemoE2ETest" name="testSelectCheapestFlight" time="0.67"/>
  <testcase classname="tests.BlazeDemoE2ETest" name="testPurchaseFlight" time="1.294"/>
  <testcase classname="tests.BlazeDemoE2ETest" name="testVerifyBookingConfirmation" time="0.087"/>
  <testcase classname="tests.BlazeDemoE2ETest" name="testFlightSearch" time="0.697"/>
  <testcase classname="tests.BlazeDemoE2ETest" name="testSelectCheapestFlight" time="0.717"/>
  <testcase classname="tests.BlazeDemoE2ETest" name="testPurchaseFlight" time="1.382"/>
  <testcase classname="tests.BlazeDemoE2ETest" name="testVerifyBookingConfirmation" time="0.065"/>
</testsuite> <!-- End To End Flight Booking Validation -->
