<?xml version="1.0" encoding="UTF-8"?>
<!-- Generated by org.testng.reporters.JUnitXMLReporter -->
<testsuite ignored="0" hostname="Choudhary-Harsh" failures="0" tests="12" name="End To End Flight Booking Validation" time="55.479" errors="0" timestamp="2026-06-11T12:49:30 IST">
  <testcase classname="tests.BlazeDemoE2ETest" name="testFlightSearch" time="0.801"/>
  <testcase classname="tests.BlazeDemoE2ETest" name="testSelectCheapestFlight" time="0.718"/>
  <testcase classname="tests.BlazeDemoE2ETest" name="testPurchaseFlight" time="1.566"/>
  <testcase classname="tests.BlazeDemoE2ETest" name="testVerifyBookingConfirmation" time="0.06"/>
  <testcase classname="tests.BlazeDemoE2ETest" name="testFlightSearch" time="0.874"/>
  <testcase classname="tests.BlazeDemoE2ETest" name="testSelectCheapestFlight" time="0.891"/>
  <testcase classname="tests.BlazeDemoE2ETest" name="testPurchaseFlight" time="1.365"/>
  <testcase classname="tests.BlazeDemoE2ETest" name="testVerifyBookingConfirmation" time="0.079"/>
  <testcase classname="tests.BlazeDemoE2ETest" name="testFlightSearch" time="0.779"/>
  <testcase classname="tests.BlazeDemoE2ETest" name="testSelectCheapestFlight" time="0.654"/>
  <testcase classname="tests.BlazeDemoE2ETest" name="testPurchaseFlight" time="2.695"/>
  <testcase classname="tests.BlazeDemoE2ETest" name="testVerifyBookingConfirmation" time="0.051"/>
</testsuite> <!-- End To End Flight Booking Validation -->
