<?xml version="1.0" encoding="UTF-8"?>
<testng-results ignored="0" total="1" passed="1" failed="0" skipped="0">
  <reporter-output>
  </reporter-output>
  <suite started-at="2026-05-23T10:44:11 IST" name="OpenCart Master Suite" finished-at="2026-05-23T10:44:41 IST" duration-ms="29971">
    <groups>
    </groups>
    <test started-at="2026-05-23T10:44:11 IST" name="End To End Flow Test" finished-at="2026-05-23T10:44:41 IST" duration-ms="29971">
      <class name="testcases.EndToEndTest">
        <test-method is-config="true" signature="setup()[pri:0, instance:testcases.EndToEndTest@206a70ef]" started-at="2026-05-23T10:44:12 IST" name="setup" finished-at="2026-05-23T10:44:18 IST" duration-ms="6061" status="PASS">
          <reporter-output>
          </reporter-output>
        </test-method> <!-- setup -->
        <test-method signature="verifyEndToEndShoppingFlow()[pri:0, instance:testcases.EndToEndTest@206a70ef]" started-at="2026-05-23T10:44:18 IST" name="verifyEndToEndShoppingFlow" finished-at="2026-05-23T10:44:41 IST" duration-ms="23342" status="PASS">
          <reporter-output>
          </reporter-output>
        </test-method> <!-- verifyEndToEndShoppingFlow -->
        <test-method is-config="true" signature="tearDown()[pri:0, instance:testcases.EndToEndTest@206a70ef]" started-at="2026-05-23T10:44:41 IST" name="tearDown" finished-at="2026-05-23T10:44:41 IST" duration-ms="289" status="PASS">
          <reporter-output>
          </reporter-output>
        </test-method> <!-- tearDown -->
      </class> <!-- testcases.EndToEndTest -->
    </test> <!-- End To End Flow Test -->
  </suite> <!-- OpenCart Master Suite -->
</testng-results>
