<?xml version="1.0" encoding="UTF-8"?>
<!-- Generated by org.testng.reporters.JUnitXMLReporter -->
<testsuite ignored="2" hostname="Choudhary-Harsh" failures="0" tests="7" name="SmokeTests" time="74.852" errors="0" timestamp="2026-05-22T08:54:32 IST">
  <testcase classname="practice.testNg.Amazon" name="login" time="19.239"/>
  <testcase classname="practice.testNg.Amazon" name="validateSearch" time="8.161"/>
  <testcase classname="practice.testNg.Amazon" name="validateSearch" time="8.399"/>
  <testcase classname="practice.testNg.Amazon" name="validateSearch" time="8.204"/>
  <testcase classname="practice.testNg.Amazon" name="validateSearch" time="6.824"/>
  <testcase classname="practice.testNg.Amazon" name="validateSearch" time="7.402"/>
  <testcase classname="practice.testNg.Amazon" name="validateSearch" time="11.115"/>
  <testcase classname="practice.testNg.Amazon" name="registration" time="0.0">
    <ignored/>
  </testcase> <!-- registration -->
  <testcase classname="practice.testNg.Amazon" name="productDetail" time="0.0">
    <ignored/>
  </testcase> <!-- productDetail -->
</testsuite> <!-- SmokeTests -->
