<?xml version="1.0" encoding="UTF-8"?>
<!-- Generated by org.testng.reporters.JUnitReportReporter -->
<testsuite hostname="Choudhary-Harsh" failures="0" tests="4" name="tests.BlazeDemoNegativeTests" time="10.025" errors="0" timestamp="2026-06-11T13:21:02 IST" skipped="0">
  <testcase classname="tests.BlazeDemoNegativeTests" name="testRegistrationThrows419Error" time="3.976"/>
  <testcase classname="tests.BlazeDemoNegativeTests" name="testLoginThrows419Error" time="3.328"/>
  <testcase classname="tests.BlazeDemoNegativeTests" name="testInvalidLoginCredentials" time="0.729"/>
  <testcase classname="tests.BlazeDemoNegativeTests" name="testEmptyFormSubmissionOnPurchase" time="1.992"/>
</testsuite> <!-- tests.BlazeDemoNegativeTests -->
