<?xml version="1.0" encoding="UTF-8"?>
<!-- Generated by org.testng.reporters.JUnitReportReporter -->
<testsuite hostname="Choudhary-Harsh" failures="0" tests="12" name="tests.BlazeDemoE2ETest" time="8.681" errors="0" timestamp="2026-06-08T11:18:38 IST" skipped="0">
  <testcase classname="tests.BlazeDemoE2ETest" name="testFlightSearch" time="0.708"/>
  <testcase classname="tests.BlazeDemoE2ETest" name="testFlightSearch" time="0.727"/>
  <testcase classname="tests.BlazeDemoE2ETest" name="testFlightSearch" time="0.697"/>
  <testcase classname="tests.BlazeDemoE2ETest" name="testSelectCheapestFlight" time="0.627"/>
  <testcase classname="tests.BlazeDemoE2ETest" name="testSelectCheapestFlight" time="0.670"/>
  <testcase classname="tests.BlazeDemoE2ETest" name="testSelectCheapestFlight" time="0.717"/>
  <testcase classname="tests.BlazeDemoE2ETest" name="testPurchaseFlight" time="1.382"/>
  <testcase classname="tests.BlazeDemoE2ETest" name="testPurchaseFlight" time="1.631"/>
  <testcase classname="tests.BlazeDemoE2ETest" name="testPurchaseFlight" time="1.294"/>
  <testcase classname="tests.BlazeDemoE2ETest" name="testVerifyBookingConfirmation" time="0.076"/>
  <testcase classname="tests.BlazeDemoE2ETest" name="testVerifyBookingConfirmation" time="0.065"/>
  <testcase classname="tests.BlazeDemoE2ETest" name="testVerifyBookingConfirmation" time="0.087"/>
</testsuite> <!-- tests.BlazeDemoE2ETest -->
