<?xml version="1.0" encoding="UTF-8"?>
<testng-results ignored="0" total="8" passed="8" failed="0" skipped="0">
  <reporter-output>
  </reporter-output>
  <suite started-at="2026-06-03T09:42:06 IST" name="PHPTravels Automation Suite" finished-at="2026-06-03T09:45:57 IST" duration-ms="230535">
    <groups>
      <group name="cucumber">
        <method signature="AbstractTestNGCucumberTests.runScenario(io.cucumber.testng.PickleWrapper,io.cucumber.testng.FeatureWrapper)[pri:0, instance:runners.TestRunner@510f3d34]" name="runScenario" class="io.cucumber.testng.AbstractTestNGCucumberTests"/>
      </group> <!-- cucumber -->
    </groups>
    <test started-at="2026-06-03T09:42:06 IST" name="End To End Tests" finished-at="2026-06-03T09:45:57 IST" duration-ms="230535">
      <class name="runners.TestRunner">
        <test-method is-config="true" signature="setUpClass(org.testng.ITestContext)[pri:0, instance:runners.TestRunner@510f3d34]" started-at="2026-06-03T09:42:06 IST" name="setUpClass" finished-at="2026-06-03T09:42:07 IST" duration-ms="797" status="PASS">
          <params>
            <param index="0">
              <value>
                <![CDATA[org.testng.TestRunner@4b5aa48b]]>
              </value>
            </param>
          </params>
          <reporter-output>
          </reporter-output>
        </test-method> <!-- setUpClass -->
        <test-method signature="runScenario(io.cucumber.testng.PickleWrapper,io.cucumber.testng.FeatureWrapper)[pri:0, instance:runners.TestRunner@510f3d34]" started-at="2026-06-03T09:42:07 IST" name="runScenario" description="Runs Cucumber Scenarios" data-provider="scenarios" finished-at="2026-06-03T09:43:37 IST" duration-ms="89943" status="PASS">
          <params>
            <param index="0">
              <value>
                <![CDATA["Validate Complete Booking Workflow"]]>
              </value>
            </param>
            <param index="1">
              <value>
                <![CDATA["Complete End-to-End Hotel Booking Workflow"]]>
              </value>
            </param>
          </params>
          <reporter-output>
          </reporter-output>
        </test-method> <!-- runScenario -->
        <test-method signature="runScenario(io.cucumber.testng.PickleWrapper,io.cucumber.testng.FeatureWrapper)[pri:0, instance:runners.TestRunner@510f3d34]" started-at="2026-06-03T09:43:37 IST" name="runScenario" description="Runs Cucumber Scenarios" data-provider="scenarios" finished-at="2026-06-03T09:43:56 IST" duration-ms="18653" status="PASS">
          <params>
            <param index="0">
              <value>
                <![CDATA["Validate Hotel Booking Search"]]>
              </value>
            </param>
            <param index="1">
              <value>
                <![CDATA["PHPTravels Hotel Search Module"]]>
              </value>
            </param>
          </params>
          <reporter-output>
          </reporter-output>
        </test-method> <!-- runScenario -->
        <test-method signature="runScenario(io.cucumber.testng.PickleWrapper,io.cucumber.testng.FeatureWrapper)[pri:0, instance:runners.TestRunner@510f3d34]" started-at="2026-06-03T09:43:56 IST" name="runScenario" description="Runs Cucumber Scenarios" data-provider="scenarios" finished-at="2026-06-03T09:44:03 IST" duration-ms="7263" status="PASS">
          <params>
            <param index="0">
              <value>
                <![CDATA["Validate Login Functionality using Excel"]]>
              </value>
            </param>
            <param index="1">
              <value>
                <![CDATA["PHPTravels Login Module"]]>
              </value>
            </param>
          </params>
          <reporter-output>
          </reporter-output>
        </test-method> <!-- runScenario -->
        <test-method signature="runScenario(io.cucumber.testng.PickleWrapper,io.cucumber.testng.FeatureWrapper)[pri:0, instance:runners.TestRunner@510f3d34]" started-at="2026-06-03T09:44:03 IST" name="runScenario" description="Runs Cucumber Scenarios" data-provider="scenarios" finished-at="2026-06-03T09:44:34 IST" duration-ms="31368" status="PASS">
          <params>
            <param index="0">
              <value>
                <![CDATA["Validate Login Functionality using Excel"]]>
              </value>
            </param>
            <param index="1">
              <value>
                <![CDATA["PHPTravels Login Module"]]>
              </value>
            </param>
          </params>
          <reporter-output>
          </reporter-output>
        </test-method> <!-- runScenario -->
        <test-method signature="runScenario(io.cucumber.testng.PickleWrapper,io.cucumber.testng.FeatureWrapper)[pri:0, instance:runners.TestRunner@510f3d34]" started-at="2026-06-03T09:44:34 IST" name="runScenario" description="Runs Cucumber Scenarios" data-provider="scenarios" finished-at="2026-06-03T09:45:07 IST" duration-ms="32371" status="PASS">
          <params>
            <param index="0">
              <value>
                <![CDATA["Validate Login Functionality using Excel"]]>
              </value>
            </param>
            <param index="1">
              <value>
                <![CDATA["PHPTravels Login Module"]]>
              </value>
            </param>
          </params>
          <reporter-output>
          </reporter-output>
        </test-method> <!-- runScenario -->
        <test-method signature="runScenario(io.cucumber.testng.PickleWrapper,io.cucumber.testng.FeatureWrapper)[pri:0, instance:runners.TestRunner@510f3d34]" started-at="2026-06-03T09:45:07 IST" name="runScenario" description="Runs Cucumber Scenarios" data-provider="scenarios" finished-at="2026-06-03T09:45:37 IST" duration-ms="30533" status="PASS">
          <params>
            <param index="0">
              <value>
                <![CDATA["Validate Login Functionality using Excel"]]>
              </value>
            </param>
            <param index="1">
              <value>
                <![CDATA["PHPTravels Login Module"]]>
              </value>
            </param>
          </params>
          <reporter-output>
          </reporter-output>
        </test-method> <!-- runScenario -->
        <test-method signature="runScenario(io.cucumber.testng.PickleWrapper,io.cucumber.testng.FeatureWrapper)[pri:0, instance:runners.TestRunner@510f3d34]" started-at="2026-06-03T09:45:37 IST" name="runScenario" description="Runs Cucumber Scenarios" data-provider="scenarios" finished-at="2026-06-03T09:45:49 IST" duration-ms="12248" status="PASS">
          <params>
            <param index="0">
              <value>
                <![CDATA["Validate User Registration with Random Email"]]>
              </value>
            </param>
            <param index="1">
              <value>
                <![CDATA["PHPTravels Registration Module"]]>
              </value>
            </param>
          </params>
          <reporter-output>
          </reporter-output>
        </test-method> <!-- runScenario -->
        <test-method signature="runScenario(io.cucumber.testng.PickleWrapper,io.cucumber.testng.FeatureWrapper)[pri:0, instance:runners.TestRunner@510f3d34]" started-at="2026-06-03T09:45:49 IST" name="runScenario" description="Runs Cucumber Scenarios" data-provider="scenarios" finished-at="2026-06-03T09:45:56 IST" duration-ms="6995" status="PASS">
          <params>
            <param index="0">
              <value>
                <![CDATA["Extract and Validate Booking Data"]]>
              </value>
            </param>
            <param index="1">
              <value>
                <![CDATA["Booking Table Validations"]]>
              </value>
            </param>
          </params>
          <reporter-output>
          </reporter-output>
        </test-method> <!-- runScenario -->
        <test-method is-config="true" signature="tearDownClass()[pri:0, instance:runners.TestRunner@510f3d34]" started-at="2026-06-03T09:45:56 IST" name="tearDownClass" finished-at="2026-06-03T09:45:57 IST" duration-ms="307" status="PASS">
          <reporter-output>
          </reporter-output>
        </test-method> <!-- tearDownClass -->
      </class> <!-- runners.TestRunner -->
    </test> <!-- End To End Tests -->
  </suite> <!-- PHPTravels Automation Suite -->
</testng-results>
