<?xml version="1.0" encoding="UTF-8"?>
<testng-results ignored="0" total="8" passed="8" failed="0" skipped="0">
  <reporter-output>
  </reporter-output>
  <suite started-at="2026-05-30T12:24:52 IST" name="PHPTravels Automation Suite" finished-at="2026-05-30T12:27:04 IST" duration-ms="132149">
    <groups>
      <group name="cucumber">
        <method signature="AbstractTestNGCucumberTests.runScenario(io.cucumber.testng.PickleWrapper,io.cucumber.testng.FeatureWrapper)[pri:0, instance:runners.TestRunner@40005471]" name="runScenario" class="io.cucumber.testng.AbstractTestNGCucumberTests"/>
      </group> <!-- cucumber -->
    </groups>
    <test started-at="2026-05-30T12:24:52 IST" name="End To End Tests" finished-at="2026-05-30T12:27:04 IST" duration-ms="132149">
      <class name="runners.TestRunner">
        <test-method is-config="true" signature="setUpClass(org.testng.ITestContext)[pri:0, instance:runners.TestRunner@40005471]" started-at="2026-05-30T12:24:52 IST" name="setUpClass" finished-at="2026-05-30T12:24:53 IST" duration-ms="573" status="PASS">
          <params>
            <param index="0">
              <value>
                <![CDATA[org.testng.TestRunner@15aab8c6]]>
              </value>
            </param>
          </params>
          <reporter-output>
          </reporter-output>
        </test-method> <!-- setUpClass -->
        <test-method signature="runScenario(io.cucumber.testng.PickleWrapper,io.cucumber.testng.FeatureWrapper)[pri:0, instance:runners.TestRunner@40005471]" started-at="2026-05-30T12:24:53 IST" name="runScenario" description="Runs Cucumber Scenarios" data-provider="scenarios" finished-at="2026-05-30T12:26:07 IST" duration-ms="74024" status="PASS">
          <params>
            <param index="0">
              <value>
                <![CDATA["Validate Login Functionality using Excel"]]>
              </value>
            </param>
            <param index="1">
              <value>
                <![CDATA["PHPTravels Login Module"]]>
              </value>
            </param>
          </params>
          <reporter-output>
          </reporter-output>
        </test-method> <!-- runScenario -->
        <test-method signature="runScenario(io.cucumber.testng.PickleWrapper,io.cucumber.testng.FeatureWrapper)[pri:0, instance:runners.TestRunner@40005471]" started-at="2026-05-30T12:24:53 IST" name="runScenario" description="Runs Cucumber Scenarios" data-provider="scenarios" finished-at="2026-05-30T12:26:05 IST" duration-ms="71755" status="PASS">
          <params>
            <param index="0">
              <value>
                <![CDATA["Extract and Validate Booking Data"]]>
              </value>
            </param>
            <param index="1">
              <value>
                <![CDATA["Booking Table Validations"]]>
              </value>
            </param>
          </params>
          <reporter-output>
          </reporter-output>
        </test-method> <!-- runScenario -->
        <test-method signature="runScenario(io.cucumber.testng.PickleWrapper,io.cucumber.testng.FeatureWrapper)[pri:0, instance:runners.TestRunner@40005471]" started-at="2026-05-30T12:24:53 IST" name="runScenario" description="Runs Cucumber Scenarios" data-provider="scenarios" finished-at="2026-05-30T12:26:06 IST" duration-ms="73453" status="PASS">
          <params>
            <param index="0">
              <value>
                <![CDATA["Validate User Registration with Random Email"]]>
              </value>
            </param>
            <param index="1">
              <value>
                <![CDATA["PHPTravels Registration Module"]]>
              </value>
            </param>
          </params>
          <reporter-output>
          </reporter-output>
        </test-method> <!-- runScenario -->
        <test-method signature="runScenario(io.cucumber.testng.PickleWrapper,io.cucumber.testng.FeatureWrapper)[pri:0, instance:runners.TestRunner@40005471]" started-at="2026-05-30T12:24:53 IST" name="runScenario" description="Runs Cucumber Scenarios" data-provider="scenarios" finished-at="2026-05-30T12:27:04 IST" duration-ms="131171" status="PASS">
          <params>
            <param index="0">
              <value>
                <![CDATA["Validate Complete Booking Workflow"]]>
              </value>
            </param>
            <param index="1">
              <value>
                <![CDATA["Complete End-to-End Hotel Booking Workflow"]]>
              </value>
            </param>
          </params>
          <reporter-output>
          </reporter-output>
        </test-method> <!-- runScenario -->
        <test-method signature="runScenario(io.cucumber.testng.PickleWrapper,io.cucumber.testng.FeatureWrapper)[pri:0, instance:runners.TestRunner@40005471]" started-at="2026-05-30T12:24:53 IST" name="runScenario" description="Runs Cucumber Scenarios" data-provider="scenarios" finished-at="2026-05-30T12:26:06 IST" duration-ms="72970" status="PASS">
          <params>
            <param index="0">
              <value>
                <![CDATA["Validate Login Functionality using Excel"]]>
              </value>
            </param>
            <param index="1">
              <value>
                <![CDATA["PHPTravels Login Module"]]>
              </value>
            </param>
          </params>
          <reporter-output>
          </reporter-output>
        </test-method> <!-- runScenario -->
        <test-method signature="runScenario(io.cucumber.testng.PickleWrapper,io.cucumber.testng.FeatureWrapper)[pri:0, instance:runners.TestRunner@40005471]" started-at="2026-05-30T12:24:53 IST" name="runScenario" description="Runs Cucumber Scenarios" data-provider="scenarios" finished-at="2026-05-30T12:26:07 IST" duration-ms="73712" status="PASS">
          <params>
            <param index="0">
              <value>
                <![CDATA["Validate Login Functionality using Excel"]]>
              </value>
            </param>
            <param index="1">
              <value>
                <![CDATA["PHPTravels Login Module"]]>
              </value>
            </param>
          </params>
          <reporter-output>
          </reporter-output>
        </test-method> <!-- runScenario -->
        <test-method signature="runScenario(io.cucumber.testng.PickleWrapper,io.cucumber.testng.FeatureWrapper)[pri:0, instance:runners.TestRunner@40005471]" started-at="2026-05-30T12:24:53 IST" name="runScenario" description="Runs Cucumber Scenarios" data-provider="scenarios" finished-at="2026-05-30T12:26:06 IST" duration-ms="73504" status="PASS">
          <params>
            <param index="0">
              <value>
                <![CDATA["Validate Login Functionality using Excel"]]>
              </value>
            </param>
            <param index="1">
              <value>
                <![CDATA["PHPTravels Login Module"]]>
              </value>
            </param>
          </params>
          <reporter-output>
          </reporter-output>
        </test-method> <!-- runScenario -->
        <test-method signature="runScenario(io.cucumber.testng.PickleWrapper,io.cucumber.testng.FeatureWrapper)[pri:0, instance:runners.TestRunner@40005471]" started-at="2026-05-30T12:24:53 IST" name="runScenario" description="Runs Cucumber Scenarios" data-provider="scenarios" finished-at="2026-05-30T12:26:07 IST" duration-ms="73806" status="PASS">
          <params>
            <param index="0">
              <value>
                <![CDATA["Validate Hotel Booking Search"]]>
              </value>
            </param>
            <param index="1">
              <value>
                <![CDATA["PHPTravels Hotel Search Module"]]>
              </value>
            </param>
          </params>
          <reporter-output>
          </reporter-output>
        </test-method> <!-- runScenario -->
        <test-method is-config="true" signature="tearDownClass()[pri:0, instance:runners.TestRunner@40005471]" started-at="2026-05-30T12:27:04 IST" name="tearDownClass" finished-at="2026-05-30T12:27:04 IST" duration-ms="355" status="PASS">
          <reporter-output>
          </reporter-output>
        </test-method> <!-- tearDownClass -->
      </class> <!-- runners.TestRunner -->
    </test> <!-- End To End Tests -->
  </suite> <!-- PHPTravels Automation Suite -->
</testng-results>
