<?xml version="1.0" encoding="UTF-8"?>
<testng-results ignored="0" total="14" passed="14" failed="0" skipped="0">
  <reporter-output>
  </reporter-output>
  <suite started-at="2026-05-22T17:38:48 IST" name="Listener Demo" finished-at="2026-05-22T17:40:42 IST" duration-ms="113198">
    <groups>
      <group name="regression">
        <method signature="AmazonPOMTest.addToCart()[pri:5, instance:tests.AmazonPOMTest@3cd3e762]" name="addToCart" class="tests.AmazonPOMTest"/>
        <method signature="AmazonPOMTest.deleteCartItem()[pri:6, instance:tests.AmazonPOMTest@3cd3e762]" name="deleteCartItem" class="tests.AmazonPOMTest"/>
        <method signature="AmazonPOMTest.checkYourOrdersPage()[pri:8, instance:tests.AmazonPOMTest@3cd3e762]" name="checkYourOrdersPage" class="tests.AmazonPOMTest"/>
        <method signature="AmazonPOMTest.applyOrdersFilter()[pri:9, instance:tests.AmazonPOMTest@3cd3e762]" name="applyOrdersFilter" class="tests.AmazonPOMTest"/>
        <method signature="AmazonPOMTest.registration()[pri:1, instance:tests.AmazonPOMTest@3cd3e762]" name="registration" class="tests.AmazonPOMTest"/>
        <method signature="AmazonPOMTest.login()[pri:2, instance:tests.AmazonPOMTest@3cd3e762]" name="login" class="tests.AmazonPOMTest"/>
        <method signature="AmazonPOMTest.validateSearch(java.lang.String)[pri:3, instance:tests.AmazonPOMTest@3cd3e762]" name="validateSearch" class="tests.AmazonPOMTest"/>
        <method signature="AmazonPOMTest.productDetail()[pri:4, instance:tests.AmazonPOMTest@3cd3e762]" name="productDetail" class="tests.AmazonPOMTest"/>
        <method signature="AmazonPOMTest.changeAddress()[pri:7, instance:tests.AmazonPOMTest@3cd3e762]" name="changeAddress" class="tests.AmazonPOMTest"/>
      </group> <!-- regression -->
      <group name="smoke">
        <method signature="AmazonPOMTest.login()[pri:2, instance:tests.AmazonPOMTest@3cd3e762]" name="login" class="tests.AmazonPOMTest"/>
        <method signature="AmazonPOMTest.validateSearch(java.lang.String)[pri:3, instance:tests.AmazonPOMTest@3cd3e762]" name="validateSearch" class="tests.AmazonPOMTest"/>
      </group> <!-- smoke -->
    </groups>
    <test started-at="2026-05-22T17:38:48 IST" name="Google And WebShop Test" finished-at="2026-05-22T17:40:42 IST" duration-ms="113198">
      <class name="tests.AmazonPOMTest">
        <test-method is-config="true" signature="setup()[pri:0, instance:tests.AmazonPOMTest@3cd3e762]" started-at="2026-05-22T17:38:48 IST" name="setup" finished-at="2026-05-22T17:38:52 IST" duration-ms="3666" status="PASS">
          <reporter-output>
          </reporter-output>
        </test-method> <!-- setup -->
        <test-method signature="registration()[pri:1, instance:tests.AmazonPOMTest@3cd3e762]" started-at="2026-05-22T17:38:52 IST" name="registration" finished-at="2026-05-22T17:39:02 IST" duration-ms="9932" status="PASS">
          <reporter-output>
          </reporter-output>
        </test-method> <!-- registration -->
        <test-method signature="login()[pri:2, instance:tests.AmazonPOMTest@3cd3e762]" started-at="2026-05-22T17:39:02 IST" name="login" finished-at="2026-05-22T17:39:28 IST" duration-ms="25515" status="PASS">
          <reporter-output>
          </reporter-output>
        </test-method> <!-- login -->
        <test-method signature="validateSearch(java.lang.String)[pri:3, instance:tests.AmazonPOMTest@3cd3e762]" started-at="2026-05-22T17:39:28 IST" name="validateSearch" data-provider="AmazonSearchData" finished-at="2026-05-22T17:39:34 IST" duration-ms="6612" status="PASS">
          <params>
            <param index="0">
              <value>
                <![CDATA[Oneplus]]>
              </value>
            </param>
          </params>
          <reporter-output>
          </reporter-output>
        </test-method> <!-- validateSearch -->
        <test-method signature="validateSearch(java.lang.String)[pri:3, instance:tests.AmazonPOMTest@3cd3e762]" started-at="2026-05-22T17:39:34 IST" name="validateSearch" data-provider="AmazonSearchData" finished-at="2026-05-22T17:39:40 IST" duration-ms="5875" status="PASS">
          <params>
            <param index="0">
              <value>
                <![CDATA[4 star mobiles]]>
              </value>
            </param>
          </params>
          <reporter-output>
          </reporter-output>
        </test-method> <!-- validateSearch -->
        <test-method signature="validateSearch(java.lang.String)[pri:3, instance:tests.AmazonPOMTest@3cd3e762]" started-at="2026-05-22T17:39:40 IST" name="validateSearch" data-provider="AmazonSearchData" finished-at="2026-05-22T17:39:47 IST" duration-ms="7462" status="PASS">
          <params>
            <param index="0">
              <value>
                <![CDATA[Shoes under 1000]]>
              </value>
            </param>
          </params>
          <reporter-output>
          </reporter-output>
        </test-method> <!-- validateSearch -->
        <test-method signature="validateSearch(java.lang.String)[pri:3, instance:tests.AmazonPOMTest@3cd3e762]" started-at="2026-05-22T17:39:47 IST" name="validateSearch" data-provider="AmazonSearchData" finished-at="2026-05-22T17:39:54 IST" duration-ms="6204" status="PASS">
          <params>
            <param index="0">
              <value>
                <![CDATA[578589534534]]>
              </value>
            </param>
          </params>
          <reporter-output>
          </reporter-output>
        </test-method> <!-- validateSearch -->
        <test-method signature="validateSearch(java.lang.String)[pri:3, instance:tests.AmazonPOMTest@3cd3e762]" started-at="2026-05-22T17:39:54 IST" name="validateSearch" data-provider="AmazonSearchData" finished-at="2026-05-22T17:39:59 IST" duration-ms="5789" status="PASS">
          <params>
            <param index="0">
              <value>
                <![CDATA[!@#$%^&*()_+]]>
              </value>
            </param>
          </params>
          <reporter-output>
          </reporter-output>
        </test-method> <!-- validateSearch -->
        <test-method signature="validateSearch(java.lang.String)[pri:3, instance:tests.AmazonPOMTest@3cd3e762]" started-at="2026-05-22T17:39:59 IST" name="validateSearch" data-provider="AmazonSearchData" finished-at="2026-05-22T17:40:07 IST" duration-ms="7791" status="PASS">
          <params>
            <param index="0">
              <value>
                <![CDATA[FaceWash]]>
              </value>
            </param>
          </params>
          <reporter-output>
          </reporter-output>
        </test-method> <!-- validateSearch -->
        <test-method signature="productDetail()[pri:4, instance:tests.AmazonPOMTest@3cd3e762]" started-at="2026-05-22T17:40:07 IST" name="productDetail" finished-at="2026-05-22T17:40:12 IST" duration-ms="4553" status="PASS">
          <reporter-output>
          </reporter-output>
        </test-method> <!-- productDetail -->
        <test-method signature="addToCart()[pri:5, instance:tests.AmazonPOMTest@3cd3e762]" started-at="2026-05-22T17:40:12 IST" name="addToCart" finished-at="2026-05-22T17:40:22 IST" duration-ms="10319" status="PASS">
          <reporter-output>
          </reporter-output>
        </test-method> <!-- addToCart -->
        <test-method signature="deleteCartItem()[pri:6, instance:tests.AmazonPOMTest@3cd3e762]" started-at="2026-05-22T17:40:22 IST" name="deleteCartItem" finished-at="2026-05-22T17:40:26 IST" depends-on-methods="tests.AmazonPOMTest.addToCart" duration-ms="3962" status="PASS">
          <reporter-output>
          </reporter-output>
        </test-method> <!-- deleteCartItem -->
        <test-method signature="changeAddress()[pri:7, instance:tests.AmazonPOMTest@3cd3e762]" started-at="2026-05-22T17:40:26 IST" name="changeAddress" finished-at="2026-05-22T17:40:36 IST" duration-ms="10049" status="PASS">
          <reporter-output>
          </reporter-output>
        </test-method> <!-- changeAddress -->
        <test-method signature="checkYourOrdersPage()[pri:8, instance:tests.AmazonPOMTest@3cd3e762]" started-at="2026-05-22T17:40:36 IST" name="checkYourOrdersPage" finished-at="2026-05-22T17:40:40 IST" duration-ms="4055" status="PASS">
          <reporter-output>
          </reporter-output>
        </test-method> <!-- checkYourOrdersPage -->
        <test-method signature="applyOrdersFilter()[pri:9, instance:tests.AmazonPOMTest@3cd3e762]" started-at="2026-05-22T17:40:40 IST" name="applyOrdersFilter" finished-at="2026-05-22T17:40:40 IST" depends-on-methods="tests.AmazonPOMTest.checkYourOrdersPage" duration-ms="14" status="PASS">
          <reporter-output>
          </reporter-output>
        </test-method> <!-- applyOrdersFilter -->
        <test-method is-config="true" signature="afterTest()[pri:0, instance:tests.AmazonPOMTest@3cd3e762]" started-at="2026-05-22T17:40:40 IST" name="afterTest" finished-at="2026-05-22T17:40:42 IST" duration-ms="1273" status="PASS">
          <reporter-output>
          </reporter-output>
        </test-method> <!-- afterTest -->
      </class> <!-- tests.AmazonPOMTest -->
    </test> <!-- Google And WebShop Test -->
  </suite> <!-- Listener Demo -->
</testng-results>
