<?xml version="1.0" encoding="UTF-8"?>
<!-- Generated by org.testng.reporters.JUnitReportReporter -->
<testsuite hostname="Choudhary-Harsh" failures="0" tests="5" name="practice.testNg.PracticeReadWriteFromExcel" time="77.065" errors="0" timestamp="2026-05-22T15:28:06 IST" skipped="0">
  <testcase classname="practice.testNg.PracticeReadWriteFromExcel" name="validateUserRegistration" time="15.674"/>
  <testcase classname="practice.testNg.PracticeReadWriteFromExcel" name="validateUserRegistration" time="14.939"/>
  <testcase classname="practice.testNg.PracticeReadWriteFromExcel" name="validateUserRegistration" time="14.928"/>
  <testcase classname="practice.testNg.PracticeReadWriteFromExcel" name="validateUserRegistration" time="14.941"/>
  <testcase classname="practice.testNg.PracticeReadWriteFromExcel" name="validateUserRegistration" time="16.583"/>
</testsuite> <!-- practice.testNg.PracticeReadWriteFromExcel -->
