<?xml version="1.0" encoding="UTF-8"?>
<!-- Generated by org.testng.reporters.JUnitReportReporter -->
<testsuite hostname="Choudhary-Harsh" failures="0" tests="14" name="tests.AmazonPOMTest" time="108.132" errors="0" timestamp="2026-05-22T17:40:42 IST" skipped="0">
  <testcase classname="tests.AmazonPOMTest" name="registration" time="9.932"/>
  <testcase classname="tests.AmazonPOMTest" name="login" time="25.515"/>
  <testcase classname="tests.AmazonPOMTest" name="validateSearch" time="5.789"/>
  <testcase classname="tests.AmazonPOMTest" name="validateSearch" time="7.791"/>
  <testcase classname="tests.AmazonPOMTest" name="validateSearch" time="5.875"/>
  <testcase classname="tests.AmazonPOMTest" name="validateSearch" time="6.204"/>
  <testcase classname="tests.AmazonPOMTest" name="validateSearch" time="7.462"/>
  <testcase classname="tests.AmazonPOMTest" name="validateSearch" time="6.612"/>
  <testcase classname="tests.AmazonPOMTest" name="productDetail" time="4.553"/>
  <testcase classname="tests.AmazonPOMTest" name="addToCart" time="10.319"/>
  <testcase classname="tests.AmazonPOMTest" name="deleteCartItem" time="3.962"/>
  <testcase classname="tests.AmazonPOMTest" name="changeAddress" time="10.049"/>
  <testcase classname="tests.AmazonPOMTest" name="checkYourOrdersPage" time="4.055"/>
  <testcase classname="tests.AmazonPOMTest" name="applyOrdersFilter" time="0.014"/>
</testsuite> <!-- tests.AmazonPOMTest -->
