<?xml version="1.0" encoding="UTF-8"?>
<!-- Generated by org.testng.reporters.JUnitReportReporter -->
<testsuite hostname="Choudhary-Harsh" failures="0" tests="7" name="practice.testNg.LoginDDT" time="15.949" errors="0" timestamp="2026-05-21T14:21:01 IST" skipped="0">
  <testcase classname="practice.testNg.LoginDDT" name="testLogin" time="1.831"/>
  <testcase classname="practice.testNg.LoginDDT" name="testLogin" time="3.772"/>
  <testcase classname="practice.testNg.LoginDDT" name="testLogin" time="4.600"/>
  <testcase classname="practice.testNg.LoginDDT" name="testLogin" time="1.557"/>
  <testcase classname="practice.testNg.LoginDDT" name="testLogin" time="0.881"/>
  <testcase classname="practice.testNg.LoginDDT" name="testLogin" time="2.438"/>
  <testcase classname="practice.testNg.LoginDDT" name="testLogin" time="0.870"/>
</testsuite> <!-- practice.testNg.LoginDDT -->
