<?xml version="1.0" encoding="UTF-8"?>
<!-- Generated by org.testng.reporters.JUnitReportReporter -->
<testsuite hostname="Choudhary-Harsh" failures="0" tests="11" name="practice.testNg.DemoPOMTest" time="88.920" errors="0" timestamp="2026-05-22T14:52:25 IST" skipped="0">
  <testcase classname="practice.testNg.DemoPOMTest" name="validateProductSearch" time="1.793"/>
  <testcase classname="practice.testNg.DemoPOMTest" name="validateProductSearch" time="1.782"/>
  <testcase classname="practice.testNg.DemoPOMTest" name="validateProductSearch" time="1.761"/>
  <testcase classname="practice.testNg.DemoPOMTest" name="validateProductSearch" time="1.718"/>
  <testcase classname="practice.testNg.DemoPOMTest" name="validateProductSearch" time="1.895"/>
  <testcase classname="practice.testNg.DemoPOMTest" name="validateProductSearch" time="1.817"/>
  <testcase classname="practice.testNg.DemoPOMTest" name="validateUserRegistration" time="14.892"/>
  <testcase classname="practice.testNg.DemoPOMTest" name="validateUserRegistration" time="17.816"/>
  <testcase classname="practice.testNg.DemoPOMTest" name="validateUserRegistration" time="14.826"/>
  <testcase classname="practice.testNg.DemoPOMTest" name="validateUserRegistration" time="15.680"/>
  <testcase classname="practice.testNg.DemoPOMTest" name="validateUserRegistration" time="14.940"/>
</testsuite> <!-- practice.testNg.DemoPOMTest -->
