<?xml version="1.0" encoding="UTF-8"?>
<!-- Generated by org.testng.reporters.JUnitReportReporter -->
<testsuite hostname="Choudhary-Harsh" failures="0" tests="14" name="practice.testNg.Amazon" time="117.307" errors="0" timestamp="2026-05-21T16:14:25 IST" skipped="0">
  <testcase classname="practice.testNg.Amazon" name="registration" time="20.490"/>
  <testcase classname="practice.testNg.Amazon" name="login" time="15.552"/>
  <testcase classname="practice.testNg.Amazon" name="validateSearch" time="6.530"/>
  <testcase classname="practice.testNg.Amazon" name="validateSearch" time="6.638"/>
  <testcase classname="practice.testNg.Amazon" name="validateSearch" time="7.643"/>
  <testcase classname="practice.testNg.Amazon" name="validateSearch" time="6.918"/>
  <testcase classname="practice.testNg.Amazon" name="validateSearch" time="8.499"/>
  <testcase classname="practice.testNg.Amazon" name="validateSearch" time="8.582"/>
  <testcase classname="practice.testNg.Amazon" name="productDetail" time="6.890"/>
  <testcase classname="practice.testNg.Amazon" name="addToCart" time="8.704"/>
  <testcase classname="practice.testNg.Amazon" name="deleteCartItem" time="4.251"/>
  <testcase classname="practice.testNg.Amazon" name="changeAddress" time="12.459"/>
  <testcase classname="practice.testNg.Amazon" name="checkYourOrdersPage" time="4.103"/>
  <testcase classname="practice.testNg.Amazon" name="applyOrdersFilter" time="0.048"/>
</testsuite> <!-- practice.testNg.Amazon -->
