<?xml version="1.0" encoding="UTF-8"?>
<!-- Generated by org.testng.reporters.JUnitReportReporter -->
<testsuite hostname="Choudhary-Harsh" failures="0" tests="3" name="practice.testNg.PracticeCrossWebBrowsering" time="28.155" errors="0" timestamp="2026-05-21T11:08:33 IST" skipped="0">
  <testcase classname="practice.testNg.PracticeCrossWebBrowsering" name="chrome" time="2.986"/>
  <testcase classname="practice.testNg.PracticeCrossWebBrowsering" name="edge" time="6.896"/>
  <testcase classname="practice.testNg.PracticeCrossWebBrowsering" name="fireFox" time="18.273"/>
</testsuite> <!-- practice.testNg.PracticeCrossWebBrowsering -->
