<?xml version="1.0" encoding="UTF-8"?>
<!-- Generated by org.testng.reporters.JUnitReportReporter -->
<testsuite hostname="Choudhary-Harsh" failures="0" tests="3" name="practice.testNg.FirstTestNG" time="12.025" errors="0" timestamp="2026-05-20T10:38:18 IST" skipped="0">
  <testcase classname="practice.testNg.FirstTestNG" name="unit2" time="5.373"/>
  <testcase classname="practice.testNg.FirstTestNG" name="unit1" time="3.218"/>
  <testcase classname="practice.testNg.FirstTestNG" name="unit3" time="3.434"/>
</testsuite> <!-- practice.testNg.FirstTestNG -->
