<?xml version="1.0" encoding="UTF-8"?>
<!-- Generated by org.testng.reporters.JUnitReportReporter -->
<testsuite hostname="Choudhary-Harsh" failures="0" tests="4" name="practice.testNg.WriteExcelDDT" time="0.024" errors="0" timestamp="2026-05-22T16:21:43 IST" skipped="0">
  <testcase classname="practice.testNg.WriteExcelDDT" name="writeDataToExcel" time="0.011"/>
  <testcase classname="practice.testNg.WriteExcelDDT" name="writeDataToExcel" time="0.005"/>
  <testcase classname="practice.testNg.WriteExcelDDT" name="writeDataToExcel" time="0.004"/>
  <testcase classname="practice.testNg.WriteExcelDDT" name="writeDataToExcel" time="0.004"/>
</testsuite> <!-- practice.testNg.WriteExcelDDT -->
