<?xml version="1.0" encoding="UTF-8"?>
<!-- Generated by org.testng.reporters.JUnitReportReporter -->
<testsuite hostname="Choudhary-Harsh" failures="0" tests="7" name="practice.testNg.Amazon" time="69.344" errors="0" timestamp="2026-05-22T08:54:32 IST" skipped="0">
  <testcase classname="practice.testNg.Amazon" name="login" time="19.239"/>
  <testcase classname="practice.testNg.Amazon" name="validateSearch" time="7.402"/>
  <testcase classname="practice.testNg.Amazon" name="validateSearch" time="6.824"/>
  <testcase classname="practice.testNg.Amazon" name="validateSearch" time="8.399"/>
  <testcase classname="practice.testNg.Amazon" name="validateSearch" time="8.161"/>
  <testcase classname="practice.testNg.Amazon" name="validateSearch" time="8.204"/>
  <testcase classname="practice.testNg.Amazon" name="validateSearch" time="11.115"/>
</testsuite> <!-- practice.testNg.Amazon -->
