<?xml version="1.0" encoding="UTF-8"?>
<!-- Generated by org.testng.reporters.JUnitReportReporter -->
<testsuite hostname="Choudhary-Harsh" failures="0" tests="4" name="practice.testNg.Registration" time="13.915" errors="0" timestamp="2026-05-21T15:28:19 IST" skipped="0">
  <testcase classname="practice.testNg.Registration" name="registrationTest" time="3.081"/>
  <testcase classname="practice.testNg.Registration" name="registrationTest" time="4.147"/>
  <testcase classname="practice.testNg.Registration" name="registrationTest" time="3.404"/>
  <testcase classname="practice.testNg.Registration" name="registrationTest" time="3.283"/>
</testsuite> <!-- practice.testNg.Registration -->
