<?xml version="1.0" encoding="UTF-8"?>
<!-- Generated by org.testng.reporters.JUnitReportReporter -->
<testsuite hostname="Choudhary-Harsh" failures="0" tests="6" name="practice.testNg.LoginDDT" time="11.531" errors="0" timestamp="2026-05-22T13:01:23 IST" skipped="0">
  <testcase classname="practice.testNg.LoginDDT" name="testLogin" time="1.671"/>
  <testcase classname="practice.testNg.LoginDDT" name="testLogin" time="0.543"/>
  <testcase classname="practice.testNg.LoginDDT" name="testLogin" time="0.499"/>
  <testcase classname="practice.testNg.LoginDDT" name="testLogin" time="6.043"/>
  <testcase classname="practice.testNg.LoginDDT" name="testLogin" time="1.663"/>
  <testcase classname="practice.testNg.LoginDDT" name="testLogin" time="1.112"/>
</testsuite> <!-- practice.testNg.LoginDDT -->
