<?xml version="1.0" encoding="UTF-8"?>
<!-- Generated by org.testng.reporters.JUnitReportReporter -->
<testsuite hostname="Choudhary-Harsh" failures="0" tests="3" name="practice.testNg.DataProviderCrossBrowser" time="12.085" errors="0" timestamp="2026-05-21T11:47:56 IST" skipped="0">
  <testcase classname="practice.testNg.DataProviderCrossBrowser" name="verifyGoogleTitle" time="3.348"/>
  <testcase classname="practice.testNg.DataProviderCrossBrowser" name="verifyGoogleTitle" time="5.035"/>
  <testcase classname="practice.testNg.DataProviderCrossBrowser" name="verifyGoogleTitle" time="3.702"/>
</testsuite> <!-- practice.testNg.DataProviderCrossBrowser -->
