<?xml version="1.0" encoding="UTF-8"?>
<!-- Generated by org.testng.reporters.JUnitReportReporter -->
<testsuite hostname="Choudhary-Harsh" failures="0" tests="8" name="runners.TestRunner" time="644.395" errors="0" timestamp="2026-05-30T12:27:05 IST" skipped="0">
  <testcase classname="runners.TestRunner" name="runScenario" time="131.171"/>
  <testcase classname="runners.TestRunner" name="runScenario" time="72.970"/>
  <testcase classname="runners.TestRunner" name="runScenario" time="74.024"/>
  <testcase classname="runners.TestRunner" name="runScenario" time="73.712"/>
  <testcase classname="runners.TestRunner" name="runScenario" time="71.755"/>
  <testcase classname="runners.TestRunner" name="runScenario" time="73.504"/>
  <testcase classname="runners.TestRunner" name="runScenario" time="73.453"/>
  <testcase classname="runners.TestRunner" name="runScenario" time="73.806"/>
</testsuite> <!-- runners.TestRunner -->
