<?xml version="1.0" encoding="UTF-8"?>
<!-- Generated by org.testng.reporters.JUnitReportReporter -->
<testsuite hostname="Choudhary-Harsh" failures="0" tests="8" name="runners.TestRunner" time="229.374" errors="0" timestamp="2026-06-03T09:45:57 IST" skipped="0">
  <testcase classname="runners.TestRunner" name="runScenario" time="30.533"/>
  <testcase classname="runners.TestRunner" name="runScenario" time="89.943"/>
  <testcase classname="runners.TestRunner" name="runScenario" time="31.368"/>
  <testcase classname="runners.TestRunner" name="runScenario" time="18.653"/>
  <testcase classname="runners.TestRunner" name="runScenario" time="7.263"/>
  <testcase classname="runners.TestRunner" name="runScenario" time="32.371"/>
  <testcase classname="runners.TestRunner" name="runScenario" time="12.248"/>
  <testcase classname="runners.TestRunner" name="runScenario" time="6.995"/>
</testsuite> <!-- runners.TestRunner -->
